# JRE version: Java(TM) SE Runtime Environment (8.0_74-b02) (build 1.8.0_74-b02)
# Java VM: Java HotSpot(TM) 64-Bit Server VM (25.74-b02 mixed mode windows-amd64 compressed oops)
Heap:
 PSYoungGen      total 36864K, used 11578K [0x00000000d6e00000, 0x00000000da700000, 0x0000000100000000)
  eden space 28160K, 13% used [0x00000000d6e00000,0x00000000d71d1ca0,0x00000000d8980000)
  from space 8704K, 88% used [0x00000000d8980000,0x00000000d90fce98,0x00000000d9200000)
  to   space 8704K, 0% used [0x00000000d9e80000,0x00000000d9e80000,0x00000000da700000)
 ParOldGen       total 62464K, used 9890K [0x0000000084a00000, 0x0000000088700000, 0x00000000d6e00000)
  object space 62464K, 15% used [0x0000000084a00000,0x00000000853a88c8,0x0000000088700000)
 Metaspace       used 24231K, capacity 24648K, committed 24880K, reserved 1071104K
  class space    used 3103K, capacity 3254K, committed 3376K, reserved 1048576K
GC Heap History (10 events):
Event: 4.689 GC heap before
{Heap before GC invocations=4 (full 0):
 PSYoungGen      total 36864K, used 36848K [0x00000000d6e00000, 0x00000000d9700000, 0x0000000100000000)
  eden space 31744K, 100% used [0x00000000d6e00000,0x00000000d8d00000,0x00000000d8d00000)
  from space 5120K, 99% used [0x00000000d8d00000,0x00000000d91fc030,0x00000000d9200000)
  to   space 5120K, 0% used [0x00000000d9200000,0x00000000d9200000,0x00000000d9700000)
 ParOldGen       total 84992K, used 4145K [0x0000000084a00000, 0x0000000089d00000, 0x00000000d6e00000)
  object space 84992K, 4% used [0x0000000084a00000,0x0000000084e0c480,0x0000000089d00000)
 Metaspace       used 18678K, capacity 18850K, committed 18944K, reserved 1064960K
  class space    used 2467K, capacity 2553K, committed 2560K, reserved 1048576K
Event: 4.704 GC heap after
Heap after GC invocations=4 (full 0):
 PSYoungGen      total 36864K, used 5104K [0x00000000d6e00000, 0x00000000db600000, 0x0000000100000000)
  eden space 31744K, 0% used [0x00000000d6e00000,0x00000000d6e00000,0x00000000d8d00000)
  from space 5120K, 99% used [0x00000000d9200000,0x00000000d96fc030,0x00000000d9700000)
  to   space 5120K, 0% used [0x00000000d8d00000,0x00000000d8d00000,0x00000000d9200000)
 ParOldGen       total 84992K, used 6051K [0x0000000084a00000, 0x0000000089d00000, 0x00000000d6e00000)
  object space 84992K, 7% used [0x0000000084a00000,0x0000000084fe8ff8,0x0000000089d00000)
 Metaspace       used 18678K, capacity 18850K, committed 18944K, reserved 1064960K
  class space    used 2467K, capacity 2553K, committed 2560K, reserved 1048576K
}
Event: 5.874 GC heap before
{Heap before GC invocations=5 (full 0):
 PSYoungGen      total 36864K, used 36848K [0x00000000d6e00000, 0x00000000db600000, 0x0000000100000000)
  eden space 31744K, 100% used [0x00000000d6e00000,0x00000000d8d00000,0x00000000d8d00000)
  from space 5120K, 99% used [0x00000000d9200000,0x00000000d96fc030,0x00000000d9700000)
  to   space 5120K, 0% used [0x00000000d8d00000,0x00000000d8d00000,0x00000000d9200000)
 ParOldGen       total 84992K, used 6051K [0x0000000084a00000, 0x0000000089d00000, 0x00000000d6e00000)
  object space 84992K, 7% used [0x0000000084a00000,0x0000000084fe8ff8,0x0000000089d00000)
 Metaspace       used 19305K, capacity 19716K, committed 19840K, reserved 1067008K
  class space    used 2513K, capacity 2630K, committed 2688K, reserved 1048576K
Event: 5.895 GC heap after
Heap after GC invocations=5 (full 0):
 PSYoungGen      total 36864K, used 5088K [0x00000000d6e00000, 0x00000000db600000, 0x0000000100000000)
  eden space 31744K, 0% used [0x00000000d6e00000,0x00000000d6e00000,0x00000000d8d00000)
  from space 5120K, 99% used [0x00000000d8d00000,0x00000000d91f8020,0x00000000d9200000)
  to   space 5120K, 0% used [0x00000000d9200000,0x00000000d9200000,0x00000000d9700000)
 ParOldGen       total 84992K, used 8247K [0x0000000084a00000, 0x0000000089d00000, 0x00000000d6e00000)
  object space 84992K, 9% used [0x0000000084a00000,0x000000008520dc48,0x0000000089d00000)
 Metaspace       used 19305K, capacity 19716K, committed 19840K, reserved 1067008K
  class space    used 2513K, capacity 2630K, committed 2688K, reserved 1048576K
}
Event: 6.728 GC heap before
{Heap before GC invocations=6 (full 0):
 PSYoungGen      total 36864K, used 24653K [0x00000000d6e00000, 0x00000000db600000, 0x0000000100000000)
  eden space 31744K, 61% used [0x00000000d6e00000,0x00000000d811b668,0x00000000d8d00000)
  from space 5120K, 99% used [0x00000000d8d00000,0x00000000d91f8020,0x00000000d9200000)
  to   space 5120K, 0% used [0x00000000d9200000,0x00000000d9200000,0x00000000d9700000)
 ParOldGen       total 84992K, used 8247K [0x0000000084a00000, 0x0000000089d00000, 0x00000000d6e00000)
  object space 84992K, 9% used [0x0000000084a00000,0x000000008520dc48,0x0000000089d00000)
 Metaspace       used 20789K, capacity 21224K, committed 21296K, reserved 1067008K
  class space    used 2691K, capacity 2838K, committed 2864K, reserved 1048576K
Event: 6.743 GC heap after
Heap after GC invocations=6 (full 0):
 PSYoungGen      total 33280K, used 5104K [0x00000000d6e00000, 0x00000000dbd00000, 0x0000000100000000)
  eden space 28160K, 0% used [0x00000000d6e00000,0x00000000d6e00000,0x00000000d8980000)
  from space 5120K, 99% used [0x00000000d9200000,0x00000000d96fc010,0x00000000d9700000)
  to   space 8704K, 0% used [0x00000000d8980000,0x00000000d8980000,0x00000000d9200000)
 ParOldGen       total 84992K, used 9594K [0x0000000084a00000, 0x0000000089d00000, 0x00000000d6e00000)
  object space 84992K, 11% used [0x0000000084a00000,0x000000008535e918,0x0000000089d00000)
 Metaspace       used 20789K, capacity 21224K, committed 21296K, reserved 1067008K
  class space    used 2691K, capacity 2838K, committed 2864K, reserved 1048576K
}
Event: 6.743 GC heap before
{Heap before GC invocations=7 (full 1):
 PSYoungGen      total 33280K, used 5104K [0x00000000d6e00000, 0x00000000dbd00000, 0x0000000100000000)
  eden space 28160K, 0% used [0x00000000d6e00000,0x00000000d6e00000,0x00000000d8980000)
  from space 5120K, 99% used [0x00000000d9200000,0x00000000d96fc010,0x00000000d9700000)
  to   space 8704K, 0% used [0x00000000d8980000,0x00000000d8980000,0x00000000d9200000)
 ParOldGen       total 84992K, used 9594K [0x0000000084a00000, 0x0000000089d00000, 0x00000000d6e00000)
  object space 84992K, 11% used [0x0000000084a00000,0x000000008535e918,0x0000000089d00000)
 Metaspace       used 20789K, capacity 21224K, committed 21296K, reserved 1067008K
  class space    used 2691K, capacity 2838K, committed 2864K, reserved 1048576K
Event: 6.833 GC heap after
Heap after GC invocations=7 (full 1):
 PSYoungGen      total 33280K, used 0K [0x00000000d6e00000, 0x00000000dbd00000, 0x0000000100000000)
  eden space 28160K, 0% used [0x00000000d6e00000,0x00000000d6e00000,0x00000000d8980000)
  from space 5120K, 0% used [0x00000000d9200000,0x00000000d9200000,0x00000000d9700000)
  to   space 8704K, 0% used [0x00000000d8980000,0x00000000d8980000,0x00000000d9200000)
 ParOldGen       total 62464K, used 9882K [0x0000000084a00000, 0x0000000088700000, 0x00000000d6e00000)
  object space 62464K, 15% used [0x0000000084a00000,0x00000000853a68c8,0x0000000088700000)
 Metaspace       used 20789K, capacity 21224K, committed 21296K, reserved 1067008K
  class space    used 2691K, capacity 2838K, committed 2864K, reserved 1048576K
}
Event: 7.706 GC heap before
{Heap before GC invocations=8 (full 1):
 PSYoungGen      total 33280K, used 28160K [0x00000000d6e00000, 0x00000000dbd00000, 0x0000000100000000)
  eden space 28160K, 100% used [0x00000000d6e00000,0x00000000d8980000,0x00000000d8980000)
  from space 5120K, 0% used [0x00000000d9200000,0x00000000d9200000,0x00000000d9700000)
  to   space 8704K, 0% used [0x00000000d8980000,0x00000000d8980000,0x00000000d9200000)
 ParOldGen       total 62464K, used 9882K [0x0000000084a00000, 0x0000000088700000, 0x00000000d6e00000)
  object space 62464K, 15% used [0x0000000084a00000,0x00000000853a68c8,0x0000000088700000)
 Metaspace       used 24105K, capacity 24552K, committed 24752K, reserved 1071104K
  class space    used 3100K, capacity 3222K, committed 3248K, reserved 1048576K
Event: 7.715 GC heap after
Heap after GC invocations=8 (full 1):
 PSYoungGen      total 36864K, used 7667K [0x00000000d6e00000, 0x00000000da700000, 0x0000000100000000)
  eden space 28160K, 0% used [0x00000000d6e00000,0x00000000d6e00000,0x00000000d8980000)
  from space 8704K, 88% used [0x00000000d8980000,0x00000000d90fce98,0x00000000d9200000)
  to   space 8704K, 0% used [0x00000000d9e80000,0x00000000d9e80000,0x00000000da700000)
 ParOldGen       total 62464K, used 9890K [0x0000000084a00000, 0x0000000088700000, 0x00000000d6e00000)
  object space 62464K, 15% used [0x0000000084a00000,0x00000000853a88c8,0x0000000088700000)
 Metaspace       used 24105K, capacity 24552K, committed 24752K, reserved 1071104K
  class space    used 3100K, capacity 3222K, committed 3248K, reserved 1048576K
}

